21-Sep-2025 11:43:20.147 INFO [main] org.apache.catalina.startup.VersionLoggerListener.log Server version name:   Apache Tomcat/10.1.46
21-Sep-2025 11:43:20.149 INFO [main] org.apache.catalina.startup.VersionLoggerListener.log Server built:          Sep 8 2025 14:26:21 UTC
21-Sep-2025 11:43:20.149 INFO [main] org.apache.catalina.startup.VersionLoggerListener.log Server version number: 10.1.46.0
21-Sep-2025 11:43:20.149 INFO [main] org.apache.catalina.startup.VersionLoggerListener.log OS Name:               Mac OS X
21-Sep-2025 11:43:20.149 INFO [main] org.apache.catalina.startup.VersionLoggerListener.log OS Version:            15.6.1
21-Sep-2025 11:43:20.149 INFO [main] org.apache.catalina.startup.VersionLoggerListener.log Architecture:          aarch64
21-Sep-2025 11:43:20.149 INFO [main] org.apache.catalina.startup.VersionLoggerListener.log Java Home:             /Library/Java/JavaVirtualMachines/jdk-21.jdk/Contents/Home
21-Sep-2025 11:43:20.149 INFO [main] org.apache.catalina.startup.VersionLoggerListener.log JVM Version:           21.0.8+12-LTS-250
21-Sep-2025 11:43:20.149 INFO [main] org.apache.catalina.startup.VersionLoggerListener.log JVM Vendor:            Oracle Corporation
21-Sep-2025 11:43:20.149 INFO [main] org.apache.catalina.startup.VersionLoggerListener.log CATALINA_BASE:         /Users/galrubinstein/Downloads/Installs/apache-tomcat-10.1.46
21-Sep-2025 11:43:20.149 INFO [main] org.apache.catalina.startup.VersionLoggerListener.log CATALINA_HOME:         /Users/galrubinstein/Downloads/Installs/apache-tomcat-10.1.46
21-Sep-2025 11:43:20.154 INFO [main] org.apache.catalina.startup.VersionLoggerListener.log Command line argument: -Djava.util.logging.config.file=/Users/galrubinstein/Downloads/Installs/apache-tomcat-10.1.46/conf/logging.properties
21-Sep-2025 11:43:20.155 INFO [main] org.apache.catalina.startup.VersionLoggerListener.log Command line argument: -Djava.util.logging.manager=org.apache.juli.ClassLoaderLogManager
21-Sep-2025 11:43:20.155 INFO [main] org.apache.catalina.startup.VersionLoggerListener.log Command line argument: -Djdk.tls.ephemeralDHKeySize=2048
21-Sep-2025 11:43:20.155 INFO [main] org.apache.catalina.startup.VersionLoggerListener.log Command line argument: -Djava.protocol.handler.pkgs=org.apache.catalina.webresources
21-Sep-2025 11:43:20.155 INFO [main] org.apache.catalina.startup.VersionLoggerListener.log Command line argument: -Dsun.io.useCanonCaches=false
21-Sep-2025 11:43:20.155 INFO [main] org.apache.catalina.startup.VersionLoggerListener.log Command line argument: -Dorg.apache.catalina.security.SecurityListener.UMASK=0027
21-Sep-2025 11:43:20.155 INFO [main] org.apache.catalina.startup.VersionLoggerListener.log Command line argument: --add-opens=java.base/java.lang=ALL-UNNAMED
21-Sep-2025 11:43:20.155 INFO [main] org.apache.catalina.startup.VersionLoggerListener.log Command line argument: --add-opens=java.base/java.lang.reflect=ALL-UNNAMED
21-Sep-2025 11:43:20.155 INFO [main] org.apache.catalina.startup.VersionLoggerListener.log Command line argument: --add-opens=java.base/java.io=ALL-UNNAMED
21-Sep-2025 11:43:20.155 INFO [main] org.apache.catalina.startup.VersionLoggerListener.log Command line argument: --add-opens=java.base/java.util=ALL-UNNAMED
21-Sep-2025 11:43:20.155 INFO [main] org.apache.catalina.startup.VersionLoggerListener.log Command line argument: --add-opens=java.base/java.util.concurrent=ALL-UNNAMED
21-Sep-2025 11:43:20.155 INFO [main] org.apache.catalina.startup.VersionLoggerListener.log Command line argument: --add-opens=java.rmi/sun.rmi.transport=ALL-UNNAMED
21-Sep-2025 11:43:20.155 INFO [main] org.apache.catalina.startup.VersionLoggerListener.log Command line argument: -Dcatalina.base=/Users/galrubinstein/Downloads/Installs/apache-tomcat-10.1.46
21-Sep-2025 11:43:20.155 INFO [main] org.apache.catalina.startup.VersionLoggerListener.log Command line argument: -Dcatalina.home=/Users/galrubinstein/Downloads/Installs/apache-tomcat-10.1.46
21-Sep-2025 11:43:20.155 INFO [main] org.apache.catalina.startup.VersionLoggerListener.log Command line argument: -Djava.io.tmpdir=/Users/galrubinstein/Downloads/Installs/apache-tomcat-10.1.46/temp
21-Sep-2025 11:43:20.161 INFO [main] org.apache.catalina.core.AprLifecycleListener.lifecycleEvent The Apache Tomcat Native library which allows using OpenSSL was not found on the java.library.path: [/Users/galrubinstein/Library/Java/Extensions:/Library/Java/Extensions:/Network/Library/Java/Extensions:/System/Library/Java/Extensions:/usr/lib/java:.]
21-Sep-2025 11:43:20.293 INFO [main] org.apache.coyote.AbstractProtocol.init Initializing ProtocolHandler ["http-nio-8080"]
21-Sep-2025 11:43:20.307 INFO [main] org.apache.catalina.startup.Catalina.load Server initialization in [234] milliseconds
21-Sep-2025 11:43:20.327 INFO [main] org.apache.catalina.core.StandardService.startInternal Starting service [Catalina]
21-Sep-2025 11:43:20.327 INFO [main] org.apache.catalina.core.StandardEngine.startInternal Starting Servlet engine: [Apache Tomcat/10.1.46]
21-Sep-2025 11:43:20.331 INFO [main] org.apache.catalina.startup.HostConfig.deployDirectory Deploying web application directory [/Users/galrubinstein/Downloads/Installs/apache-tomcat-10.1.46/webapps/docs]
21-Sep-2025 11:43:20.455 INFO [main] org.apache.catalina.startup.HostConfig.deployDirectory Deployment of web application directory [/Users/galrubinstein/Downloads/Installs/apache-tomcat-10.1.46/webapps/docs] has finished in [124] ms
21-Sep-2025 11:43:20.455 INFO [main] org.apache.catalina.startup.HostConfig.deployDirectory Deploying web application directory [/Users/galrubinstein/Downloads/Installs/apache-tomcat-10.1.46/webapps/manager]
21-Sep-2025 11:43:20.470 INFO [main] org.apache.catalina.startup.HostConfig.deployDirectory Deployment of web application directory [/Users/galrubinstein/Downloads/Installs/apache-tomcat-10.1.46/webapps/manager] has finished in [15] ms
21-Sep-2025 11:43:20.470 INFO [main] org.apache.catalina.startup.HostConfig.deployDirectory Deploying web application directory [/Users/galrubinstein/Downloads/Installs/apache-tomcat-10.1.46/webapps/examples]
21-Sep-2025 11:43:20.563 INFO [main] org.apache.catalina.startup.HostConfig.deployDirectory Deployment of web application directory [/Users/galrubinstein/Downloads/Installs/apache-tomcat-10.1.46/webapps/examples] has finished in [92] ms
21-Sep-2025 11:43:20.563 INFO [main] org.apache.catalina.startup.HostConfig.deployDirectory Deploying web application directory [/Users/galrubinstein/Downloads/Installs/apache-tomcat-10.1.46/webapps/ROOT]
21-Sep-2025 11:43:20.570 INFO [main] org.apache.catalina.startup.HostConfig.deployDirectory Deployment of web application directory [/Users/galrubinstein/Downloads/Installs/apache-tomcat-10.1.46/webapps/ROOT] has finished in [7] ms
21-Sep-2025 11:43:20.570 INFO [main] org.apache.catalina.startup.HostConfig.deployDirectory Deploying web application directory [/Users/galrubinstein/Downloads/Installs/apache-tomcat-10.1.46/webapps/host-manager]
21-Sep-2025 11:43:20.577 INFO [main] org.apache.catalina.startup.HostConfig.deployDirectory Deployment of web application directory [/Users/galrubinstein/Downloads/Installs/apache-tomcat-10.1.46/webapps/host-manager] has finished in [7] ms
21-Sep-2025 11:43:20.579 INFO [main] org.apache.coyote.AbstractProtocol.start Starting ProtocolHandler ["http-nio-8080"]
21-Sep-2025 11:43:20.585 INFO [main] org.apache.catalina.startup.Catalina.start Server startup in [276] milliseconds
21-Sep-2025 11:48:49.058 INFO [main] org.apache.catalina.core.StandardServer.await A valid shutdown command was received via the shutdown port. Stopping the Server instance.
21-Sep-2025 11:48:49.058 INFO [main] org.apache.coyote.AbstractProtocol.pause Pausing ProtocolHandler ["http-nio-8080"]
21-Sep-2025 11:48:49.060 INFO [main] org.apache.catalina.core.StandardService.stopInternal Stopping service [Catalina]
21-Sep-2025 11:48:49.069 INFO [main] org.apache.coyote.AbstractProtocol.stop Stopping ProtocolHandler ["http-nio-8080"]
21-Sep-2025 11:48:49.071 INFO [main] org.apache.coyote.AbstractProtocol.destroy Destroying ProtocolHandler ["http-nio-8080"]
